[debug] [2022-12-08T21:33:25.186Z] ----------------------------------------------------------------------
[debug] [2022-12-08T21:33:25.189Z] Command:       C:\Program Files\nodejs\node.exe C:\Users\HP\AppData\Roaming\npm\node_modules\firebase-tools\lib\bin\firebase.js deploy
[debug] [2022-12-08T21:33:25.190Z] CLI Version:   11.14.4
[debug] [2022-12-08T21:33:25.190Z] Platform:      win32
[debug] [2022-12-08T21:33:25.190Z] Node Version:  v16.13.1
[debug] [2022-12-08T21:33:25.197Z] Time:          Fri Dec 09 2022 03:33:25 GMT+0600 (Bangladesh Standard Time)
[debug] [2022-12-08T21:33:25.197Z] ----------------------------------------------------------------------
[debug] 
[debug] [2022-12-08T21:33:25.271Z] > command requires scopes: ["email","openid","https://www.googleapis.com/auth/cloudplatformprojects.readonly","https://www.googleapis.com/auth/firebase","https://www.googleapis.com/auth/cloud-platform"]
[debug] [2022-12-08T21:33:25.272Z] > authorizing via signed-in user (abdullahalhabib748@gmail.com)
[debug] [2022-12-08T21:33:25.272Z] [iam] checking project hello-facility-bd for permissions ["firebase.projects.get","firebasehosting.sites.update"]
[debug] [2022-12-08T21:33:25.274Z] >>> [apiv2][query] POST https://cloudresourcemanager.googleapis.com/v1/projects/hello-facility-bd:testIamPermissions [none]
[debug] [2022-12-08T21:33:25.274Z] >>> [apiv2][(partial)header] POST https://cloudresourcemanager.googleapis.com/v1/projects/hello-facility-bd:testIamPermissions x-goog-quota-user=projects/hello-facility-bd
[debug] [2022-12-08T21:33:25.274Z] >>> [apiv2][body] POST https://cloudresourcemanager.googleapis.com/v1/projects/hello-facility-bd:testIamPermissions {"permissions":["firebase.projects.get","firebasehosting.sites.update"]}
[debug] [2022-12-08T21:33:26.905Z] <<< [apiv2][status] POST https://cloudresourcemanager.googleapis.com/v1/projects/hello-facility-bd:testIamPermissions 200
[debug] [2022-12-08T21:33:26.906Z] <<< [apiv2][body] POST https://cloudresourcemanager.googleapis.com/v1/projects/hello-facility-bd:testIamPermissions {}
[debug] [2022-12-08T21:33:26.907Z] [iam] error while checking permissions, command may fail: FirebaseError: Authorization failed. This account is missing the following required permissions on project hello-facility-bd:

  firebase.projects.get
  firebasehosting.sites.update
[debug] [2022-12-08T21:33:26.909Z] >>> [apiv2][query] GET https://firebase.googleapis.com/v1beta1/projects/hello-facility-bd [none]
[debug] [2022-12-08T21:33:27.945Z] <<< [apiv2][status] GET https://firebase.googleapis.com/v1beta1/projects/hello-facility-bd 403
[debug] [2022-12-08T21:33:27.945Z] <<< [apiv2][body] GET https://firebase.googleapis.com/v1beta1/projects/hello-facility-bd {"error":{"code":403,"message":"The caller does not have permission","status":"PERMISSION_DENIED"}}
[debug] [2022-12-08T21:33:27.947Z] HTTP Error: 403, The caller does not have permission
[debug] [2022-12-08T21:33:28.264Z] FirebaseError: HTTP Error: 403, The caller does not have permission
    at responseToError (C:\Users\HP\AppData\Roaming\npm\node_modules\firebase-tools\lib\responseToError.js:49:12)
    at RetryOperation._fn (C:\Users\HP\AppData\Roaming\npm\node_modules\firebase-tools\lib\apiv2.js:288:77)
    at processTicksAndRejections (node:internal/process/task_queues:96:5)
[error] 
[error] Error: Failed to get Firebase project hello-facility-bd. Please make sure the project exists and your account has permission to access it.
